<?xml version="1.0" encoding="UTF-8"?>
<!-- Generated by org.testng.reporters.JUnitReportReporter -->
<testsuite hostname="LPT-1142" failures="0" tests="3" name="com.sn.Testcases.LoginPageTest" time="43.125" errors="0" timestamp="2022-05-24T15:04:08 IST" skipped="0">
  <testcase classname="com.sn.Testcases.LoginPageTest" name="loginPageTitleTest" time="11.568"/>
  <system-out/>
  <testcase classname="com.sn.Testcases.LoginPageTest" name="SNLogoTest" time="11.588"/>
  <system-out/>
  <testcase classname="com.sn.Testcases.LoginPageTest" name="loginPageTest" time="19.969"/>
  <system-out/>
</testsuite> <!-- com.sn.Testcases.LoginPageTest -->
