<?xml version="1.0" encoding="UTF-8"?>
<!-- Generated by org.testng.reporters.JUnitReportReporter -->
<testsuite hostname="LPT-1142" failures="0" tests="1" name="com.sn.Testcases.LoginTest" time="15.205" errors="0" timestamp="2022-06-23T17:44:04 IST" skipped="0">
  <testcase classname="com.sn.Testcases.LoginTest" name="loginTest" time="15.205"/>
  <system-out/>
</testsuite> <!-- com.sn.Testcases.LoginTest -->
