<?xml version="1.0" encoding="UTF-8"?>
<!-- Generated by org.testng.reporters.JUnitReportReporter -->
<testsuite hostname="DESKTOP-OI6D7LJ" failures="0" tests="1" name="com.sn.Testcases.CreateVIPIncidentTest" time="154.860" errors="0" timestamp="2022-06-16T09:05:06 IST" skipped="0">
  <testcase classname="com.sn.Testcases.CreateVIPIncidentTest" name="createVIPIncident" time="154.860"/>
  <system-out/>
</testsuite> <!-- com.sn.Testcases.CreateVIPIncidentTest -->
