<?xml version="1.0" encoding="UTF-8"?>
<!-- Generated by org.testng.reporters.JUnitReportReporter -->
<testsuite hostname="LPT-1142" failures="0" tests="1" name="com.sn.Testcases.LoginTest" time="16.413" errors="0" timestamp="2022-06-23T11:55:17 IST" skipped="0">
  <testcase classname="com.sn.Testcases.LoginTest" name="loginTest" time="16.413"/>
  <system-out/>
</testsuite> <!-- com.sn.Testcases.LoginTest -->
