<?xml version="1.0" encoding="UTF-8"?>
<!-- Generated by org.testng.reporters.JUnitReportReporter -->
<testsuite hostname="DESKTOP-T7QCDAB" failures="0" tests="2" name="com.sn.Testcases.HomePageTest" time="60.854" errors="0" timestamp="2022-05-20T10:06:30 IST" skipped="0">
  <testcase classname="com.sn.Testcases.HomePageTest" name="verify" time="14.178"/>
  <system-out/>
  <testcase classname="com.sn.Testcases.HomePageTest" name="SearchIncident" time="46.676"/>
  <system-out/>
</testsuite> <!-- com.sn.Testcases.HomePageTest -->
