<?xml version="1.0" encoding="UTF-8"?>
<!-- Generated by org.testng.reporters.JUnitReportReporter -->
<testsuite hostname="DESKTOP-OI6D7LJ" failures="0" tests="1" name="com.sn.Testcases.ChildIncidentTest" time="123.767" errors="0" timestamp="2022-05-13T17:33:59 IST" skipped="0">
  <testcase classname="com.sn.Testcases.ChildIncidentTest" name="createchildincident" time="123.767"/>
  <system-out/>
</testsuite> <!-- com.sn.Testcases.ChildIncidentTest -->
