<?xml version="1.0" encoding="UTF-8"?>
<!-- Generated by org.testng.reporters.JUnitReportReporter -->
<testsuite hostname="DESKTOP-T7QCDAB" failures="0" tests="1" name="com.sn.Testcases.IncidentCreateTest" time="63.990" errors="0" timestamp="2022-05-20T10:06:30 IST" skipped="0">
  <testcase classname="com.sn.Testcases.IncidentCreateTest" name="NewIncident" time="63.990"/>
  <system-out/>
</testsuite> <!-- com.sn.Testcases.IncidentCreateTest -->
