<?xml version="1.0" encoding="UTF-8"?>
<!-- Generated by org.testng.reporters.JUnitReportReporter -->
<testsuite hostname="LPT-1142" failures="0" tests="1" name="com.sn.Testcases.ResolveInfoTest" time="79.644" errors="0" timestamp="2022-05-25T18:13:03 IST" skipped="0">
  <testcase classname="com.sn.Testcases.ResolveInfoTest" name="ResolveIncident" time="79.644"/>
  <system-out/>
</testsuite> <!-- com.sn.Testcases.ResolveInfoTest -->
