<?xml version="1.0" encoding="UTF-8"?>
<!-- Generated by org.testng.reporters.JUnitReportReporter -->
<testsuite hostname="DESKTOP-T7QCDAB" failures="0" tests="1" name="com.sn.Testcases.ResolveInfoTest" time="73.835" errors="0" timestamp="2022-05-20T10:31:01 IST" skipped="0">
  <testcase classname="com.sn.Testcases.ResolveInfoTest" name="ResolveIncident" time="73.835"/>
  <system-out/>
</testsuite> <!-- com.sn.Testcases.ResolveInfoTest -->
