<?xml version="1.0" encoding="UTF-8"?>
<!-- Generated by org.testng.reporters.JUnitReportReporter -->
<testsuite hostname="DESKTOP-OI6D7LJ" failures="0" tests="2" name="com.sn.Testcases.HomePageTest" time="138.726" errors="0" timestamp="2022-05-25T14:00:19 IST" skipped="0">
  <testcase classname="com.sn.Testcases.HomePageTest" name="verify" time="44.034"/>
  <system-out/>
  <testcase classname="com.sn.Testcases.HomePageTest" name="SearchIncident" time="94.692"/>
  <system-out/>
</testsuite> <!-- com.sn.Testcases.HomePageTest -->
