<?xml version="1.0" encoding="UTF-8"?>
<!-- Generated by org.testng.reporters.JUnitReportReporter -->
<testsuite hostname="LPT-1142" failures="0" tests="2" name="com.sn.Testcases.HomePageTest" time="30.895" errors="0" timestamp="2022-06-23T17:47:10 IST" skipped="0">
  <testcase classname="com.sn.Testcases.HomePageTest" name="SearchIncident" time="16.050"/>
  <system-out/>
  <testcase classname="com.sn.Testcases.HomePageTest" name="verify" time="14.845"/>
  <system-out/>
</testsuite> <!-- com.sn.Testcases.HomePageTest -->
