<?xml version="1.0" encoding="UTF-8"?>
<!-- Generated by org.testng.reporters.JUnitReportReporter -->
<testsuite hostname="DESKTOP-OI6D7LJ" failures="0" tests="1" name="com.sn.Testcases.CreateVIPIncidentTest" time="156.029" errors="0" timestamp="2022-06-08T13:46:08 IST" skipped="0">
  <testcase classname="com.sn.Testcases.CreateVIPIncidentTest" name="createVIPIncident" time="156.029"/>
  <system-out/>
</testsuite> <!-- com.sn.Testcases.CreateVIPIncidentTest -->
