<?xml version="1.0" encoding="UTF-8"?>
<!-- Generated by org.testng.reporters.JUnitReportReporter -->
<testsuite hostname="DESKTOP-T7QCDAB" failures="0" tests="2" name="com.sn.Testcases.HomePageTest" time="66.119" errors="0" timestamp="2022-05-24T14:19:53 IST" skipped="0">
  <testcase classname="com.sn.Testcases.HomePageTest" name="verify" time="16.487"/>
  <system-out/>
  <testcase classname="com.sn.Testcases.HomePageTest" name="SearchIncident" time="49.632"/>
  <system-out/>
</testsuite> <!-- com.sn.Testcases.HomePageTest -->
