<?xml version="1.0" encoding="UTF-8"?>
<!-- Generated by org.testng.reporters.JUnitReportReporter -->
<testsuite hostname="LPT-1142" failures="0" tests="1" name="com.sn.Testcases.HomePageTest" time="18.187" errors="0" timestamp="2022-06-23T11:06:51 IST" skipped="0">
  <testcase classname="com.sn.Testcases.HomePageTest" name="SearchIncident" time="18.187"/>
  <system-out/>
</testsuite> <!-- com.sn.Testcases.HomePageTest -->
