<?xml version="1.0" encoding="UTF-8"?>
<!-- Generated by org.testng.reporters.JUnitReportReporter -->
<testsuite hostname="DESKTOP-T7QCDAB" failures="0" tests="1" name="com.sn.Testcases.ResolveInfoTest" time="78.326" errors="0" timestamp="2022-05-24T12:55:52 IST" skipped="0">
  <testcase classname="com.sn.Testcases.ResolveInfoTest" name="ResolveIncident" time="78.326"/>
  <system-out/>
</testsuite> <!-- com.sn.Testcases.ResolveInfoTest -->
